<?xml version="1.0" encoding="UTF-8"?>
<!-- Generated by org.testng.reporters.JUnitReportReporter -->
<testsuite hostname="DESKTOP-C6O30QB" failures="0" tests="1" name="mobileappapitestapi.customerbookingapiautomation" time="3.489" errors="0" timestamp="2024-01-19T15:53:47 IST" skipped="0">
  <testcase classname="mobileappapitestapi.customerbookingapiautomation" name="customerbooking" time="3.489"/>
</testsuite> <!-- mobileappapitestapi.customerbookingapiautomation -->
