<?xml version="1.0" encoding="UTF-8"?>
<!-- Generated by org.testng.reporters.JUnitReportReporter -->
<testsuite hostname="DESKTOP-C6O30QB" failures="0" tests="1" name="mobileappapitestapi.cutomerfamilymember" time="3.802" errors="0" timestamp="2024-01-24T14:32:10 IST" skipped="0">
  <testcase classname="mobileappapitestapi.cutomerfamilymember" name="familymember" time="3.802"/>
</testsuite> <!-- mobileappapitestapi.cutomerfamilymember -->
