<?xml version="1.0" encoding="UTF-8"?>
<!-- Generated by org.testng.reporters.JUnitReportReporter -->
<testsuite hostname="DESKTOP-C6O30QB" failures="0" tests="1" name="mobileappapitestapi.cutomerfamilymember" time="3.471" errors="0" timestamp="2024-01-19T18:06:19 IST" skipped="0">
  <testcase classname="mobileappapitestapi.cutomerfamilymember" name="familymember" time="3.471"/>
</testsuite> <!-- mobileappapitestapi.cutomerfamilymember -->
