<?xml version="1.0" encoding="UTF-8"?>
<!-- Generated by org.testng.reporters.JUnitReportReporter -->
<testsuite hostname="DESKTOP-C6O30QB" failures="0" tests="2" name="mobileappapitestapi.customerbookingapiautomation" time="3.862" errors="0" timestamp="2024-01-22T15:19:08 IST" skipped="0">
  <testcase classname="mobileappapitestapi.customerbookingapiautomation" name="servicedetails" time="3.508"/>
  <testcase classname="mobileappapitestapi.customerbookingapiautomation" name="customerbooking" time="0.354"/>
</testsuite> <!-- mobileappapitestapi.customerbookingapiautomation -->
