<?xml version="1.0" encoding="UTF-8"?>
<!-- Generated by org.testng.reporters.JUnitReportReporter -->
<testsuite hostname="DESKTOP-C6O30QB" failures="0" tests="2" name="mobileappapitestapi.customerchangepin" time="4.406" errors="0" timestamp="2024-02-08T13:03:28 IST" skipped="0">
  <testcase classname="mobileappapitestapi.customerchangepin" name="resetpin" time="0.502"/>
  <testcase classname="mobileappapitestapi.customerchangepin" name="customerforgotpin" time="3.904"/>
</testsuite> <!-- mobileappapitestapi.customerchangepin -->
